<?xml version="1.0" encoding="UTF-8"?>
<!-- Generated by org.testng.reporters.JUnitReportReporter -->
<testsuite hostname="ESPL-0124-07" failures="0" tests="3" name="auto_bajaj_001_company.GroupingTests" time="0.006" errors="0" timestamp="2026-01-14T16:01:59 IST" skipped="0">
  <testcase classname="auto_bajaj_001_company.GroupingTests" name="verifyLogout" time="0.002"/>
  <testcase classname="auto_bajaj_001_company.GroupingTests" name="verifyForgotPassword" time="0.002"/>
  <testcase classname="auto_bajaj_001_company.GroupingTests" name="verifyLogin" time="0.002"/>
</testsuite> <!-- auto_bajaj_001_company.GroupingTests -->
