<?xml version="1.0" encoding="UTF-8"?>
<!-- Generated by org.testng.reporters.JUnitReportReporter -->
<testsuite hostname="ESPL-0124-07" failures="0" tests="4" name="auto_bajaj_001_company.TestNgAnnotations" time="0.021" errors="0" timestamp="2026-01-14T16:02:52 IST" skipped="2">
  <testcase classname="auto_bajaj_001_company.TestNgAnnotations" name="testCase2" time="0.013"/>
  <testcase classname="auto_bajaj_001_company.TestNgAnnotations" name="loginTest" time="0.004">
    <skipped/>
  </testcase> <!-- loginTest -->
  <testcase classname="auto_bajaj_001_company.TestNgAnnotations" name="testCase1" time="0.004"/>
  <testcase classname="auto_bajaj_001_company.TestNgAnnotations" name="testCase3">
    <skipped/>
  </testcase> <!-- testCase3 -->
</testsuite> <!-- auto_bajaj_001_company.TestNgAnnotations -->
